2015-04-09 00:06:22.121 FastEduMobile[21532:168729] DiskCookieStorage changing policy from 2 to 0, cookie file: file:///Users/StephenTran/Library/Developer/CoreSimulator/Devices/FA375D21-F83E-411C-8F76-A816947265C1/data/Containers/Data/Application/50C7F931-9791-4EBD-A408-B7709423435C/Library/Cookies/Cookies.binarycookies
2015-04-09 00:06:22.167 FastEduMobile[21532:168729] Apache Cordova native platform version 3.8.0 is starting.
2015-04-09 00:06:22.168 FastEduMobile[21532:168729] Multi-tasking -> Device: YES, App: YES
2015-04-09 00:06:22.170 FastEduMobile[21532:168729] Unlimited access to network resources
2015-04-09 00:06:22.173 FastEduMobile[21532:168729] 

Started backup to iCloud! Please be careful.
Your application might be rejected by Apple if you store too much data.
For more information please read "iOS Data Storage Guidelines" at:
https://developer.apple.com/icloud/documentation/data-storage/
To disable web storage backup to iCloud, set the BackupWebStorage preference to "local" in the Cordova config.xml file

2015-04-09 00:06:22.280 FastEduMobile[21532:168729] Init FacebookConnect Session
2015-04-09 00:06:22.287 FastEduMobile[21532:168729] [CDVTimer][facebookconnectplugin] 7.251978ms
2015-04-09 00:06:22.287 FastEduMobile[21532:168729] [CDVTimer][TotalPluginStartup] 7.393003ms
2015-04-09 00:06:22.348 FastEduMobile[21532:168729] Resetting plugins due to page load.
2015-04-09 00:06:22.459 FastEduMobile[21532:168729] Finished load of: file:///Users/StephenTran/Library/Developer/CoreSimulator/Devices/FA375D21-F83E-411C-8F76-A816947265C1/data/Containers/Bundle/Application/EBC13663-F12A-4DF3-80AB-FD75AFAD9F96/FastEduMobile.app/www/index.html
2015-04-09 00:08:01.681 FastEduMobile[22357:170811] DiskCookieStorage changing policy from 2 to 0, cookie file: file:///Users/StephenTran/Library/Developer/CoreSimulator/Devices/FA375D21-F83E-411C-8F76-A816947265C1/data/Containers/Data/Application/20671CCF-50EA-439F-B3FD-AE855503D5AF/Library/Cookies/Cookies.binarycookies
2015-04-09 00:08:01.745 FastEduMobile[22357:170811] Apache Cordova native platform version 3.8.0 is starting.
2015-04-09 00:08:01.745 FastEduMobile[22357:170811] Multi-tasking -> Device: YES, App: YES
2015-04-09 00:08:01.747 FastEduMobile[22357:170811] Unlimited access to network resources
2015-04-09 00:08:01.749 FastEduMobile[22357:170811] 

Started backup to iCloud! Please be careful.
Your application might be rejected by Apple if you store too much data.
For more information please read "iOS Data Storage Guidelines" at:
https://developer.apple.com/icloud/documentation/data-storage/
To disable web storage backup to iCloud, set the BackupWebStorage preference to "local" in the Cordova config.xml file

2015-04-09 00:08:01.825 FastEduMobile[22357:170811] Init FacebookConnect Session
2015-04-09 00:08:01.829 FastEduMobile[22357:170811] [CDVTimer][facebookconnectplugin] 4.441023ms
2015-04-09 00:08:01.829 FastEduMobile[22357:170811] [CDVTimer][TotalPluginStartup] 4.582047ms
2015-04-09 00:08:02.034 FastEduMobile[22357:170811] Resetting plugins due to page load.
2015-04-09 00:08:02.163 FastEduMobile[22357:170811] Finished load of: file:///Users/StephenTran/Library/Developer/CoreSimulator/Devices/FA375D21-F83E-411C-8F76-A816947265C1/data/Containers/Bundle/Application/862895DC-B5CA-4B8C-AA03-19E926497722/FastEduMobile.app/www/index.html
2015-04-09 00:08:25.372 FastEduMobile[22761:171608] DiskCookieStorage changing policy from 2 to 0, cookie file: file:///Users/StephenTran/Library/Developer/CoreSimulator/Devices/FA375D21-F83E-411C-8F76-A816947265C1/data/Containers/Data/Application/50C5F6CC-FE2C-4A3A-B0F3-16DD51D77BCD/Library/Cookies/Cookies.binarycookies
2015-04-09 00:08:25.440 FastEduMobile[22761:171608] Apache Cordova native platform version 3.8.0 is starting.
2015-04-09 00:08:25.441 FastEduMobile[22761:171608] Multi-tasking -> Device: YES, App: YES
2015-04-09 00:08:25.443 FastEduMobile[22761:171608] Unlimited access to network resources
2015-04-09 00:08:25.447 FastEduMobile[22761:171608] 

Started backup to iCloud! Please be careful.
Your application might be rejected by Apple if you store too much data.
For more information please read "iOS Data Storage Guidelines" at:
https://developer.apple.com/icloud/documentation/data-storage/
To disable web storage backup to iCloud, set the BackupWebStorage preference to "local" in the Cordova config.xml file

2015-04-09 00:08:25.563 FastEduMobile[22761:171608] Init FacebookConnect Session
2015-04-09 00:08:25.569 FastEduMobile[22761:171608] [CDVTimer][facebookconnectplugin] 5.671978ms
2015-04-09 00:08:25.569 FastEduMobile[22761:171608] [CDVTimer][TotalPluginStartup] 5.927026ms
2015-04-09 00:08:25.875 FastEduMobile[22761:171608] Resetting plugins due to page load.
2015-04-09 00:08:25.990 FastEduMobile[22761:171608] Finished load of: file:///Users/StephenTran/Library/Developer/CoreSimulator/Devices/FA375D21-F83E-411C-8F76-A816947265C1/data/Containers/Bundle/Application/19B40CE9-29F9-4DDD-91C9-4307D31AB384/FastEduMobile.app/www/index.html
2015-04-09 00:11:12.916 FastEduMobile[23574:173951] DiskCookieStorage changing policy from 2 to 0, cookie file: file:///Users/StephenTran/Library/Developer/CoreSimulator/Devices/FA375D21-F83E-411C-8F76-A816947265C1/data/Containers/Data/Application/E9A5AC09-EC7E-4B03-A519-51ACEF2ECC3E/Library/Cookies/Cookies.binarycookies
2015-04-09 00:11:12.999 FastEduMobile[23574:173951] Apache Cordova native platform version 3.8.0 is starting.
2015-04-09 00:11:12.999 FastEduMobile[23574:173951] Multi-tasking -> Device: YES, App: YES
2015-04-09 00:11:13.001 FastEduMobile[23574:173951] Unlimited access to network resources
2015-04-09 00:11:13.004 FastEduMobile[23574:173951] 

Started backup to iCloud! Please be careful.
Your application might be rejected by Apple if you store too much data.
For more information please read "iOS Data Storage Guidelines" at:
https://developer.apple.com/icloud/documentation/data-storage/
To disable web storage backup to iCloud, set the BackupWebStorage preference to "local" in the Cordova config.xml file

2015-04-09 00:11:13.087 FastEduMobile[23574:173951] Init FacebookConnect Session
2015-04-09 00:11:13.090 FastEduMobile[23574:173951] [CDVTimer][facebookconnectplugin] 2.833962ms
2015-04-09 00:11:13.090 FastEduMobile[23574:173951] [CDVTimer][TotalPluginStartup] 3.045022ms
2015-04-09 00:11:13.209 FastEduMobile[23574:173951] Resetting plugins due to page load.
2015-04-09 00:11:13.350 FastEduMobile[23574:173951] Finished load of: file:///Users/StephenTran/Library/Developer/CoreSimulator/Devices/FA375D21-F83E-411C-8F76-A816947265C1/data/Containers/Bundle/Application/BCD44663-7D0B-430C-B2BB-215A35DFE658/FastEduMobile.app/www/index.html
2015-04-09 00:14:02.504 FastEduMobile[25250:178845] DiskCookieStorage changing policy from 2 to 0, cookie file: file:///Users/StephenTran/Library/Developer/CoreSimulator/Devices/FA375D21-F83E-411C-8F76-A816947265C1/data/Containers/Data/Application/5202029A-9CA6-4FEB-BA32-48B247729AC2/Library/Cookies/Cookies.binarycookies
2015-04-09 00:14:02.602 FastEduMobile[25250:178845] Apache Cordova native platform version 3.8.0 is starting.
2015-04-09 00:14:02.602 FastEduMobile[25250:178845] Multi-tasking -> Device: YES, App: YES
2015-04-09 00:14:02.604 FastEduMobile[25250:178845] Unlimited access to network resources
2015-04-09 00:14:02.609 FastEduMobile[25250:178845] 

Started backup to iCloud! Please be careful.
Your application might be rejected by Apple if you store too much data.
For more information please read "iOS Data Storage Guidelines" at:
https://developer.apple.com/icloud/documentation/data-storage/
To disable web storage backup to iCloud, set the BackupWebStorage preference to "local" in the Cordova config.xml file

2015-04-09 00:14:02.726 FastEduMobile[25250:178845] Init FacebookConnect Session
2015-04-09 00:14:02.730 FastEduMobile[25250:178845] [CDVTimer][facebookconnectplugin] 3.720999ms
2015-04-09 00:14:02.730 FastEduMobile[25250:178845] [CDVTimer][TotalPluginStartup] 3.938973ms
2015-04-09 00:14:02.808 FastEduMobile[25250:178845] Resetting plugins due to page load.
2015-04-09 00:14:02.932 FastEduMobile[25250:178845] Finished load of: file:///Users/StephenTran/Library/Developer/CoreSimulator/Devices/FA375D21-F83E-411C-8F76-A816947265C1/data/Containers/Bundle/Application/8E5CC8BA-BB11-4ABE-8F9E-E38F1AD613AC/FastEduMobile.app/www/index.html
2015-04-09 00:15:29.708 FastEduMobile[26078:182334] DiskCookieStorage changing policy from 2 to 0, cookie file: file:///Users/StephenTran/Library/Developer/CoreSimulator/Devices/FA375D21-F83E-411C-8F76-A816947265C1/data/Containers/Data/Application/5DE4F648-0BF9-45B0-9389-86F518AF8DD0/Library/Cookies/Cookies.binarycookies
2015-04-09 00:15:29.780 FastEduMobile[26078:182334] Apache Cordova native platform version 3.8.0 is starting.
2015-04-09 00:15:29.780 FastEduMobile[26078:182334] Multi-tasking -> Device: YES, App: YES
2015-04-09 00:15:29.782 FastEduMobile[26078:182334] Unlimited access to network resources
2015-04-09 00:15:29.785 FastEduMobile[26078:182334] 

Started backup to iCloud! Please be careful.
Your application might be rejected by Apple if you store too much data.
For more information please read "iOS Data Storage Guidelines" at:
https://developer.apple.com/icloud/documentation/data-storage/
To disable web storage backup to iCloud, set the BackupWebStorage preference to "local" in the Cordova config.xml file

2015-04-09 00:15:29.866 FastEduMobile[26078:182334] Init FacebookConnect Session
2015-04-09 00:15:29.869 FastEduMobile[26078:182334] [CDVTimer][facebookconnectplugin] 2.844989ms
2015-04-09 00:15:29.869 FastEduMobile[26078:182334] [CDVTimer][TotalPluginStartup] 3.001988ms
2015-04-09 00:15:29.929 FastEduMobile[26078:182334] Resetting plugins due to page load.
2015-04-09 00:15:30.045 FastEduMobile[26078:182334] Finished load of: file:///Users/StephenTran/Library/Developer/CoreSimulator/Devices/FA375D21-F83E-411C-8F76-A816947265C1/data/Containers/Bundle/Application/CBCF2AE6-5C44-46CE-8122-6CEE2CE380E7/FastEduMobile.app/www/index.html
2015-04-09 00:21:04.236 FastEduMobile[26954:187560] DiskCookieStorage changing policy from 2 to 0, cookie file: file:///Users/StephenTran/Library/Developer/CoreSimulator/Devices/FA375D21-F83E-411C-8F76-A816947265C1/data/Containers/Data/Application/7A0491B0-F9D6-4E84-AEDD-29A70037EFA6/Library/Cookies/Cookies.binarycookies
2015-04-09 00:21:04.331 FastEduMobile[26954:187560] Apache Cordova native platform version 3.8.0 is starting.
2015-04-09 00:21:04.331 FastEduMobile[26954:187560] Multi-tasking -> Device: YES, App: YES
2015-04-09 00:21:04.333 FastEduMobile[26954:187560] Unlimited access to network resources
2015-04-09 00:21:04.336 FastEduMobile[26954:187560] 

Started backup to iCloud! Please be careful.
Your application might be rejected by Apple if you store too much data.
For more information please read "iOS Data Storage Guidelines" at:
https://developer.apple.com/icloud/documentation/data-storage/
To disable web storage backup to iCloud, set the BackupWebStorage preference to "local" in the Cordova config.xml file

2015-04-09 00:21:04.420 FastEduMobile[26954:187560] Init FacebookConnect Session
2015-04-09 00:21:04.422 FastEduMobile[26954:187560] [CDVTimer][facebookconnectplugin] 2.605975ms
2015-04-09 00:21:04.482 FastEduMobile[26954:187560] [CDVTimer][splashscreen] 58.988988ms
2015-04-09 00:21:04.482 FastEduMobile[26954:187560] [CDVTimer][TotalPluginStartup] 61.865032ms
2015-04-09 00:21:04.572 FastEduMobile[26954:187560] Resetting plugins due to page load.
2015-04-09 00:21:04.687 FastEduMobile[26954:187560] Finished load of: file:///Users/StephenTran/Library/Developer/CoreSimulator/Devices/FA375D21-F83E-411C-8F76-A816947265C1/data/Containers/Bundle/Application/8EB7BAB2-3982-49FE-BECA-5D293548F6EA/FastEduMobile.app/www/index.html
2015-04-09 00:21:56.682 FastEduMobile[27758:189068] DiskCookieStorage changing policy from 2 to 0, cookie file: file:///Users/StephenTran/Library/Developer/CoreSimulator/Devices/FA375D21-F83E-411C-8F76-A816947265C1/data/Containers/Data/Application/45D24DFC-C65D-4B76-BAF7-9E5A13B98D08/Library/Cookies/Cookies.binarycookies
2015-04-09 00:21:56.765 FastEduMobile[27758:189068] Apache Cordova native platform version 3.8.0 is starting.
2015-04-09 00:21:56.766 FastEduMobile[27758:189068] Multi-tasking -> Device: YES, App: YES
2015-04-09 00:21:56.768 FastEduMobile[27758:189068] Unlimited access to network resources
2015-04-09 00:21:56.770 FastEduMobile[27758:189068] 

Started backup to iCloud! Please be careful.
Your application might be rejected by Apple if you store too much data.
For more information please read "iOS Data Storage Guidelines" at:
https://developer.apple.com/icloud/documentation/data-storage/
To disable web storage backup to iCloud, set the BackupWebStorage preference to "local" in the Cordova config.xml file

2015-04-09 00:21:56.876 FastEduMobile[27758:189068] Init FacebookConnect Session
2015-04-09 00:21:56.878 FastEduMobile[27758:189068] [CDVTimer][facebookconnectplugin] 2.811015ms
2015-04-09 00:21:56.895 FastEduMobile[27758:189068] [CDVTimer][splashscreen] 16.834021ms
2015-04-09 00:21:56.896 FastEduMobile[27758:189068] [CDVTimer][TotalPluginStartup] 19.931972ms
2015-04-09 00:21:56.958 FastEduMobile[27758:189068] Resetting plugins due to page load.
2015-04-09 00:21:57.096 FastEduMobile[27758:189068] Finished load of: file:///Users/StephenTran/Library/Developer/CoreSimulator/Devices/FA375D21-F83E-411C-8F76-A816947265C1/data/Containers/Bundle/Application/D1A2DF5B-FD6E-4724-BF77-A9CCFD7198C2/FastEduMobile.app/www/index.html
2015-04-09 21:18:07.801 FastEduMobile[42660:269554] DiskCookieStorage changing policy from 2 to 0, cookie file: file:///Users/StephenTran/Library/Developer/CoreSimulator/Devices/FA375D21-F83E-411C-8F76-A816947265C1/data/Containers/Data/Application/593ACFC7-A939-433F-B539-59AC3AAEB705/Library/Cookies/Cookies.binarycookies
2015-04-09 21:18:07.874 FastEduMobile[42660:269554] Apache Cordova native platform version 3.8.0 is starting.
2015-04-09 21:18:07.875 FastEduMobile[42660:269554] Multi-tasking -> Device: YES, App: YES
2015-04-09 21:18:07.877 FastEduMobile[42660:269554] Unlimited access to network resources
2015-04-09 21:18:07.882 FastEduMobile[42660:269554] 

Started backup to iCloud! Please be careful.
Your application might be rejected by Apple if you store too much data.
For more information please read "iOS Data Storage Guidelines" at:
https://developer.apple.com/icloud/documentation/data-storage/
To disable web storage backup to iCloud, set the BackupWebStorage preference to "local" in the Cordova config.xml file

2015-04-09 21:18:08.145 FastEduMobile[42660:269554] Init FacebookConnect Session
2015-04-09 21:18:08.151 FastEduMobile[42660:269554] [CDVTimer][facebookconnectplugin] 5.154967ms
2015-04-09 21:18:08.218 FastEduMobile[42660:269554] [CDVTimer][splashscreen] 67.384005ms
2015-04-09 21:18:08.218 FastEduMobile[42660:269554] [CDVTimer][TotalPluginStartup] 72.907984ms
2015-04-09 21:18:08.280 FastEduMobile[42660:269554] Resetting plugins due to page load.
2015-04-09 21:18:08.456 FastEduMobile[42660:269554] Finished load of: file:///Users/StephenTran/Library/Developer/CoreSimulator/Devices/FA375D21-F83E-411C-8F76-A816947265C1/data/Containers/Bundle/Application/CC083CB6-F347-44F4-869B-C95CF0EE27EF/FastEduMobile.app/www/index.html
2015-04-10 01:11:01.703 FastEduMobile[51964:403254] DiskCookieStorage changing policy from 2 to 0, cookie file: file:///Users/StephenTran/Library/Developer/CoreSimulator/Devices/FA375D21-F83E-411C-8F76-A816947265C1/data/Containers/Data/Application/28915EBE-7BB8-41BE-936E-0E530A6814B8/Library/Cookies/Cookies.binarycookies
2015-04-10 01:11:01.795 FastEduMobile[51964:403254] Apache Cordova native platform version 3.8.0 is starting.
2015-04-10 01:11:01.796 FastEduMobile[51964:403254] Multi-tasking -> Device: YES, App: YES
2015-04-10 01:11:01.810 FastEduMobile[51964:403254] Unlimited access to network resources
2015-04-10 01:11:01.817 FastEduMobile[51964:403254] 

Started backup to iCloud! Please be careful.
Your application might be rejected by Apple if you store too much data.
For more information please read "iOS Data Storage Guidelines" at:
https://developer.apple.com/icloud/documentation/data-storage/
To disable web storage backup to iCloud, set the BackupWebStorage preference to "local" in the Cordova config.xml file

2015-04-10 01:11:02.084 FastEduMobile[51964:403254] Init FacebookConnect Session
2015-04-10 01:11:02.089 FastEduMobile[51964:403254] [CDVTimer][facebookconnectplugin] 4.586041ms
2015-04-10 01:11:02.169 FastEduMobile[51964:403254] [CDVTimer][splashscreen] 80.688000ms
2015-04-10 01:11:02.170 FastEduMobile[51964:403254] [CDVTimer][TotalPluginStartup] 85.541010ms
2015-04-10 01:11:02.229 FastEduMobile[51964:403254] Resetting plugins due to page load.
2015-04-10 01:11:02.456 FastEduMobile[51964:403254] Finished load of: file:///Users/StephenTran/Library/Developer/CoreSimulator/Devices/FA375D21-F83E-411C-8F76-A816947265C1/data/Containers/Bundle/Application/2F9256FD-5570-4885-A943-25DD020EF874/FastEduMobile.app/www/index.html
2015-04-15 22:33:12.168 FastEduMobile[4529:136154] DiskCookieStorage changing policy from 2 to 0, cookie file: file:///Users/HungLe/Library/Developer/CoreSimulator/Devices/7FA59089-FE0A-46FF-8704-E14FC948C49C/data/Containers/Data/Application/FCAA2D1F-D0EB-4C00-8813-8118BCB2AAEC/Library/Cookies/Cookies.binarycookies
2015-04-15 22:33:13.648 FastEduMobile[4529:136154] Apache Cordova native platform version 3.8.0 is starting.
2015-04-15 22:33:13.648 FastEduMobile[4529:136154] Multi-tasking -> Device: YES, App: YES
2015-04-15 22:33:13.789 FastEduMobile[4529:136154] Unlimited access to network resources
2015-04-15 22:33:13.848 FastEduMobile[4529:136154] 

Started backup to iCloud! Please be careful.
Your application might be rejected by Apple if you store too much data.
For more information please read "iOS Data Storage Guidelines" at:
https://developer.apple.com/icloud/documentation/data-storage/
To disable web storage backup to iCloud, set the BackupWebStorage preference to "local" in the Cordova config.xml file

2015-04-15 22:33:16.721 FastEduMobile[4529:136154] Init FacebookConnect Session
2015-04-15 22:33:16.775 FastEduMobile[4529:136154] [CDVTimer][facebookconnectplugin] 54.629982ms
2015-04-15 22:33:17.905 FastEduMobile[4529:136154] [CDVTimer][splashscreen] 1129.287004ms
2015-04-15 22:33:17.905 FastEduMobile[4529:136154] [CDVTimer][TotalPluginStartup] 1184.310019ms
2015-04-15 22:33:21.805 FastEduMobile[4529:136154] Resetting plugins due to page load.
2015-04-15 22:33:27.091 FastEduMobile[4529:136154] THREAD WARNING: ['Globalization'] took '41.842041' ms. Plugin should use a background thread.
2015-04-15 22:33:27.347 FastEduMobile[4529:136154] Finished load of: file:///Users/HungLe/Library/Developer/CoreSimulator/Devices/7FA59089-FE0A-46FF-8704-E14FC948C49C/data/Containers/Bundle/Application/905BDAC7-2E2D-4607-AFF7-56B379A3F2FA/FastEduMobile.app/www/index.html
2015-04-15 22:34:04.739 FastEduMobile[4529:136154] THREAD WARNING: ['FacebookConnectPlugin'] took '24.737305' ms. Plugin should use a background thread.
2015-04-15 23:10:14.335 FastEduMobile[5190:148538] DiskCookieStorage changing policy from 2 to 0, cookie file: file:///Users/HungLe/Library/Developer/CoreSimulator/Devices/7FA59089-FE0A-46FF-8704-E14FC948C49C/data/Containers/Data/Application/6F2C1471-0622-4CE1-B785-C653E4452F25/Library/Cookies/Cookies.binarycookies
2015-04-15 23:10:14.846 FastEduMobile[5190:148538] Apache Cordova native platform version 3.8.0 is starting.
2015-04-15 23:10:14.846 FastEduMobile[5190:148538] Multi-tasking -> Device: YES, App: YES
2015-04-15 23:10:14.852 FastEduMobile[5190:148538] Unlimited access to network resources
2015-04-15 23:10:14.867 FastEduMobile[5190:148538] 

Started backup to iCloud! Please be careful.
Your application might be rejected by Apple if you store too much data.
For more information please read "iOS Data Storage Guidelines" at:
https://developer.apple.com/icloud/documentation/data-storage/
To disable web storage backup to iCloud, set the BackupWebStorage preference to "local" in the Cordova config.xml file

2015-04-15 23:10:15.020 FastEduMobile[5190:148538] Init FacebookConnect Session
2015-04-15 23:10:15.106 FastEduMobile[5190:148538] [CDVTimer][facebookconnectplugin] 86.241007ms
2015-04-15 23:10:15.272 FastEduMobile[5190:148538] [CDVTimer][splashscreen] 165.300965ms
2015-04-15 23:10:15.272 FastEduMobile[5190:148538] [CDVTimer][TotalPluginStartup] 251.931012ms
2015-04-15 23:10:15.709 FastEduMobile[5190:148538] Resetting plugins due to page load.
2015-04-15 23:10:16.380 FastEduMobile[5190:148538] Finished load of: file:///Users/HungLe/Library/Developer/CoreSimulator/Devices/7FA59089-FE0A-46FF-8704-E14FC948C49C/data/Containers/Bundle/Application/AE7F8261-8099-45CD-B82D-FE3126FE7D58/FastEduMobile.app/www/index.html
2015-04-15 23:19:59.498 FastEduMobile[5720:152055] DiskCookieStorage changing policy from 2 to 0, cookie file: file:///Users/HungLe/Library/Developer/CoreSimulator/Devices/7FA59089-FE0A-46FF-8704-E14FC948C49C/data/Containers/Data/Application/4002AE15-8FC2-488D-91ED-3B22EB1A4C41/Library/Cookies/Cookies.binarycookies
2015-04-15 23:19:59.738 FastEduMobile[5720:152055] Apache Cordova native platform version 3.8.0 is starting.
2015-04-15 23:19:59.738 FastEduMobile[5720:152055] Multi-tasking -> Device: YES, App: YES
2015-04-15 23:19:59.750 FastEduMobile[5720:152055] Unlimited access to network resources
2015-04-15 23:19:59.761 FastEduMobile[5720:152055] 

Started backup to iCloud! Please be careful.
Your application might be rejected by Apple if you store too much data.
For more information please read "iOS Data Storage Guidelines" at:
https://developer.apple.com/icloud/documentation/data-storage/
To disable web storage backup to iCloud, set the BackupWebStorage preference to "local" in the Cordova config.xml file

2015-04-15 23:19:59.905 FastEduMobile[5720:152055] Init FacebookConnect Session
2015-04-15 23:19:59.908 FastEduMobile[5720:152055] [CDVTimer][facebookconnectplugin] 3.259003ms
2015-04-15 23:19:59.986 FastEduMobile[5720:152055] [CDVTimer][splashscreen] 78.184962ms
2015-04-15 23:19:59.986 FastEduMobile[5720:152055] [CDVTimer][TotalPluginStartup] 81.773043ms
2015-04-15 23:20:00.283 FastEduMobile[5720:152055] Resetting plugins due to page load.
2015-04-15 23:20:00.796 FastEduMobile[5720:152055] Finished load of: file:///Users/HungLe/Library/Developer/CoreSimulator/Devices/7FA59089-FE0A-46FF-8704-E14FC948C49C/data/Containers/Bundle/Application/E7065336-AADB-46D9-BA86-3EEFC776F999/FastEduMobile.app/www/index.html
